2026-03-12 18:56:12,340 - INFO - [AUDIT] - Starting Final Enterprise Integrity Audit...
2026-03-12 18:56:12,341 - INFO - [AUDIT] - Auditing directory structure...
2026-03-12 18:56:12,342 - INFO - [AUDIT] - Verified directory: backend/api
2026-03-12 18:56:12,343 - INFO - [AUDIT] - Verified directory: backend/models
2026-03-12 18:56:12,343 - INFO - [AUDIT] - Verified directory: backend/services
2026-03-12 18:56:12,345 - INFO - [AUDIT] - Verified directory: backend/utils
2026-03-12 18:56:12,346 - INFO - [AUDIT] - Verified directory: backend/middleware
2026-03-12 18:56:12,347 - INFO - [AUDIT] - Verified directory: frontend/dashboard
2026-03-12 18:56:12,349 - INFO - [AUDIT] - Verified directory: docs
2026-03-12 18:56:12,349 - INFO - [AUDIT] - Verified directory: tests
2026-03-12 18:56:12,350 - INFO - [AUDIT] - Verified directory: scripts
2026-03-12 18:56:12,351 - INFO - [AUDIT] - Auditing documentation coverage...
2026-03-12 18:56:12,353 - INFO - [AUDIT] - Verified documentation: README.md
2026-03-12 18:56:12,353 - INFO - [AUDIT] - Verified documentation: docs/API_REFERENCE.md
2026-03-12 18:56:12,354 - INFO - [AUDIT] - Verified documentation: docs/ARCHITECTURAL_DECISION_RECORDS.md
2026-03-12 18:56:12,355 - INFO - [AUDIT] - Verified documentation: docs/DEPLOYMENT_GUIDE_DOCKER.md
2026-03-12 18:56:12,356 - INFO - [AUDIT] - Verified documentation: docs/SOP_MANUAL.md
2026-03-12 18:56:12,357 - INFO - [AUDIT] - Verified documentation: docs/API_MIDDLEWARE_MANUAL.md
2026-03-12 18:56:12,358 - INFO - [AUDIT] - Auditing data corpus integrity...
2026-03-12 18:56:12,379 - INFO - [AUDIT] - Verified data corpus: 2500 records found.
2026-03-12 18:56:12,380 - INFO - [AUDIT] - Auditing backend model integrity...
2026-03-12 18:56:12,381 - INFO - [AUDIT] - Calculating final project scale...
2026-03-12 18:56:12,420 - INFO - [AUDIT] - Total Lines of Code (LOC): 10861
2026-03-12 18:56:12,420 - INFO - [AUDIT] - CONGRATULATIONS: Project has reached the 10,000+ LOC enterprise scale!
